<?xml version="1.0" encoding="UTF-8"?>
<testsuites name="jest tests" tests="4" failures="0" errors="0" time="0.375">
  <testsuite name="Function Tests" errors="0" failures="0" skipped="0" timestamp="2023-07-20T17:46:25" time="0.336" tests="4">
    <testcase classname="Function Tests should return 400 for no message" name="Function Tests should return 400 for no message" time="0.003">
    </testcase>
    <testcase classname="Function Tests should return 422 for invalid JSON" name="Function Tests should return 422 for invalid JSON" time="0.112">
    </testcase>
    <testcase classname="Function Tests should return 422 for invalid JSON" name="Function Tests should return 422 for invalid JSON" time="0.002">
    </testcase>
    <testcase classname="Function Tests should return 422 for invalid JSON" name="Function Tests should return 422 for invalid JSON" time="0">
    </testcase>
  </testsuite>
</testsuites>